2020-06-09 12:08:51,796 - Initializing Velocity, Calling init()...
2020-06-09 12:08:51,796 - Starting Apache Velocity v1.7 (compiled: 2010-11-19 12:14:37)
2020-06-09 12:08:51,796 - Default Properties File: org\apache\velocity\runtime\defaults\velocity.properties
2020-06-09 12:08:51,797 - Trying to use logger class org.apache.velocity.runtime.log.AvalonLogChute
2020-06-09 12:08:51,797 - Target log system for org.apache.velocity.runtime.log.AvalonLogChute is not available (java.lang.NoClassDefFoundError: org/apache/log/format/Formatter).  Falling back to next log system...
2020-06-09 12:08:51,797 - Trying to use logger class org.apache.velocity.runtime.log.Log4JLogChute
2020-06-09 12:08:51,797 - Using logger class org.apache.velocity.runtime.log.Log4JLogChute
2020-06-09 12:08:51,802 - ResourceLoader instantiated: org.apache.velocity.runtime.resource.loader.ClasspathResourceLoader
2020-06-09 12:08:51,817 - ResourceCache: initialized (class org.apache.velocity.runtime.resource.ResourceCacheImpl) with class java.util.Collections$SynchronizedMap cache map.
2020-06-09 12:08:51,819 - Loaded System Directive: org.apache.velocity.runtime.directive.Stop
2020-06-09 12:08:51,820 - Loaded System Directive: org.apache.velocity.runtime.directive.Define
2020-06-09 12:08:51,821 - Loaded System Directive: org.apache.velocity.runtime.directive.Break
2020-06-09 12:08:51,823 - Loaded System Directive: org.apache.velocity.runtime.directive.Evaluate
2020-06-09 12:08:51,823 - Loaded System Directive: org.apache.velocity.runtime.directive.Literal
2020-06-09 12:08:51,825 - Loaded System Directive: org.apache.velocity.runtime.directive.Macro
2020-06-09 12:08:51,826 - Loaded System Directive: org.apache.velocity.runtime.directive.Parse
2020-06-09 12:08:51,827 - Loaded System Directive: org.apache.velocity.runtime.directive.Include
2020-06-09 12:08:51,829 - Loaded System Directive: org.apache.velocity.runtime.directive.Foreach
2020-06-09 12:08:51,879 - Created '20' parsers.
2020-06-09 12:08:51,885 - Velocimacro : "velocimacro.library" is not set.  Trying default library: VM_global_library.vm
2020-06-09 12:08:51,886 - Could not load resource 'VM_global_library.vm' from ResourceLoader org.apache.velocity.runtime.resource.loader.ClasspathResourceLoader: ClasspathResourceLoader Error: cannot find resource VM_global_library.vm
2020-06-09 12:08:51,886 - Velocimacro : Default library not found.
2020-06-09 12:08:51,886 - Velocimacro : allowInline = true : VMs can be defined inline in templates
2020-06-09 12:08:51,886 - Velocimacro : allowInlineToOverride = false : VMs defined inline may NOT replace previous VM definitions
2020-06-09 12:08:51,886 - Velocimacro : allowInlineLocal = false : VMs defined inline will be global in scope if allowed.
2020-06-09 12:08:51,886 - Velocimacro : autoload off : VM system will not automatically reload global library macros
2020-06-09 12:08:51,900 - ResourceManager : found velocity/Configuracion/Configuracion.vm with loader org.apache.velocity.runtime.resource.loader.ClasspathResourceLoader
2020-06-09 12:08:51,907 - Velocimacro : added VM mainLayout: source=/velocity/navbar.vm
2020-06-09 12:08:51,907 - ResourceManager : found /velocity/navbar.vm with loader org.apache.velocity.runtime.resource.loader.ClasspathResourceLoader
2020-06-09 12:08:52,055 - Log4JLogChute initialized using file 'velocity.log'
2020-06-09 12:08:52,057 - Initializing Velocity, Calling init()...
2020-06-09 12:08:52,057 - Starting Apache Velocity v1.7 (compiled: 2010-11-19 12:14:37)
2020-06-09 12:08:52,057 - Default Properties File: org\apache\velocity\runtime\defaults\velocity.properties
2020-06-09 12:08:52,057 - Trying to use logger class org.apache.velocity.runtime.log.AvalonLogChute
2020-06-09 12:08:52,057 - Target log system for org.apache.velocity.runtime.log.AvalonLogChute is not available (java.lang.NoClassDefFoundError: org/apache/log/format/Formatter).  Falling back to next log system...
2020-06-09 12:08:52,057 - Trying to use logger class org.apache.velocity.runtime.log.Log4JLogChute
2020-06-09 12:08:52,057 - Using logger class org.apache.velocity.runtime.log.Log4JLogChute
2020-06-09 12:08:52,058 - ResourceLoader instantiated: org.apache.velocity.runtime.resource.loader.ClasspathResourceLoader
2020-06-09 12:08:52,059 - ResourceCache: initialized (class org.apache.velocity.runtime.resource.ResourceCacheImpl) with class java.util.Collections$SynchronizedMap cache map.
2020-06-09 12:08:52,061 - Loaded System Directive: org.apache.velocity.runtime.directive.Stop
2020-06-09 12:08:52,061 - Loaded System Directive: org.apache.velocity.runtime.directive.Define
2020-06-09 12:08:52,061 - Loaded System Directive: org.apache.velocity.runtime.directive.Break
2020-06-09 12:08:52,061 - Loaded System Directive: org.apache.velocity.runtime.directive.Evaluate
2020-06-09 12:08:52,061 - Loaded System Directive: org.apache.velocity.runtime.directive.Literal
2020-06-09 12:08:52,061 - Loaded System Directive: org.apache.velocity.runtime.directive.Macro
2020-06-09 12:08:52,061 - Loaded System Directive: org.apache.velocity.runtime.directive.Parse
2020-06-09 12:08:52,061 - Loaded System Directive: org.apache.velocity.runtime.directive.Include
2020-06-09 12:08:52,061 - Loaded System Directive: org.apache.velocity.runtime.directive.Foreach
2020-06-09 12:08:52,063 - Created '20' parsers.
2020-06-09 12:08:52,063 - Velocimacro : "velocimacro.library" is not set.  Trying default library: VM_global_library.vm
2020-06-09 12:08:52,063 - Could not load resource 'VM_global_library.vm' from ResourceLoader org.apache.velocity.runtime.resource.loader.ClasspathResourceLoader: ClasspathResourceLoader Error: cannot find resource VM_global_library.vm
2020-06-09 12:08:52,063 - Velocimacro : Default library not found.
2020-06-09 12:08:52,063 - Velocimacro : allowInline = true : VMs can be defined inline in templates
2020-06-09 12:08:52,063 - Velocimacro : allowInlineToOverride = false : VMs defined inline may NOT replace previous VM definitions
2020-06-09 12:08:52,063 - Velocimacro : allowInlineLocal = false : VMs defined inline will be global in scope if allowed.
2020-06-09 12:08:52,063 - Velocimacro : autoload off : VM system will not automatically reload global library macros
2020-06-09 12:08:52,065 - ResourceManager : found velocity/Configuracion/Configuracion.vm with loader org.apache.velocity.runtime.resource.loader.ClasspathResourceLoader
2020-06-09 12:08:52,066 - Velocimacro : added VM mainLayout: source=/velocity/navbar.vm
2020-06-09 12:08:52,066 - ResourceManager : found /velocity/navbar.vm with loader org.apache.velocity.runtime.resource.loader.ClasspathResourceLoader
2020-06-09 12:12:24,326 - Log4JLogChute initialized using file 'velocity.log'
2020-06-09 12:12:24,327 - Initializing Velocity, Calling init()...
2020-06-09 12:12:24,327 - Starting Apache Velocity v1.7 (compiled: 2010-11-19 12:14:37)
2020-06-09 12:12:24,327 - Default Properties File: org\apache\velocity\runtime\defaults\velocity.properties
2020-06-09 12:12:24,327 - Trying to use logger class org.apache.velocity.runtime.log.AvalonLogChute
2020-06-09 12:12:24,327 - Target log system for org.apache.velocity.runtime.log.AvalonLogChute is not available (java.lang.NoClassDefFoundError: org/apache/log/format/Formatter).  Falling back to next log system...
2020-06-09 12:12:24,327 - Trying to use logger class org.apache.velocity.runtime.log.Log4JLogChute
2020-06-09 12:12:24,327 - Using logger class org.apache.velocity.runtime.log.Log4JLogChute
2020-06-09 12:12:24,327 - ResourceLoader instantiated: org.apache.velocity.runtime.resource.loader.ClasspathResourceLoader
2020-06-09 12:12:24,327 - ResourceCache: initialized (class org.apache.velocity.runtime.resource.ResourceCacheImpl) with class java.util.Collections$SynchronizedMap cache map.
2020-06-09 12:12:24,327 - Loaded System Directive: org.apache.velocity.runtime.directive.Stop
2020-06-09 12:12:24,328 - Loaded System Directive: org.apache.velocity.runtime.directive.Define
2020-06-09 12:12:24,328 - Loaded System Directive: org.apache.velocity.runtime.directive.Break
2020-06-09 12:12:24,328 - Loaded System Directive: org.apache.velocity.runtime.directive.Evaluate
2020-06-09 12:12:24,328 - Loaded System Directive: org.apache.velocity.runtime.directive.Literal
2020-06-09 12:12:24,328 - Loaded System Directive: org.apache.velocity.runtime.directive.Macro
2020-06-09 12:12:24,328 - Loaded System Directive: org.apache.velocity.runtime.directive.Parse
2020-06-09 12:12:24,328 - Loaded System Directive: org.apache.velocity.runtime.directive.Include
2020-06-09 12:12:24,328 - Loaded System Directive: org.apache.velocity.runtime.directive.Foreach
2020-06-09 12:12:24,329 - Created '20' parsers.
2020-06-09 12:12:24,329 - Velocimacro : "velocimacro.library" is not set.  Trying default library: VM_global_library.vm
2020-06-09 12:12:24,330 - Could not load resource 'VM_global_library.vm' from ResourceLoader org.apache.velocity.runtime.resource.loader.ClasspathResourceLoader: ClasspathResourceLoader Error: cannot find resource VM_global_library.vm
2020-06-09 12:12:24,330 - Velocimacro : Default library not found.
2020-06-09 12:12:24,330 - Velocimacro : allowInline = true : VMs can be defined inline in templates
2020-06-09 12:12:24,330 - Velocimacro : allowInlineToOverride = false : VMs defined inline may NOT replace previous VM definitions
2020-06-09 12:12:24,330 - Velocimacro : allowInlineLocal = false : VMs defined inline will be global in scope if allowed.
2020-06-09 12:12:24,330 - Velocimacro : autoload off : VM system will not automatically reload global library macros
2020-06-09 12:12:24,331 - ResourceManager : found velocity/Configuracion/Configuracion.vm with loader org.apache.velocity.runtime.resource.loader.ClasspathResourceLoader
2020-06-09 12:12:24,332 - Velocimacro : added VM mainLayout: source=/velocity/navbar.vm
2020-06-09 12:12:24,332 - ResourceManager : found /velocity/navbar.vm with loader org.apache.velocity.runtime.resource.loader.ClasspathResourceLoader
ity.runtime.directive.Literal
2020-06-09 12:12:24,328 - Loaded System Directive: org.apache.velocity.runtime.directive.Literal
2020-06-09 12:12:24,328 - Loaded System Directive: org.apache.velocity.runtime.directive.Macro
2020-06-09 12:12:24,328 - Loaded System Directive: org.apache.velocity.runtime.directive.Macro
2020-06-09 12:12:24,328 - Loaded System Directive: org.apache.velocity.runtime.directive.Parse
2020-06-09 12:12:24,328 - Loaded System Directive: org.apache.velocity.runtime.directive.Parse
2020-06-09 12:12:24,328 - Loaded System Directive: org.apache.velocity.runtime.directive.Include
2020-06-09 12:12:24,328 - Loaded System Directive: org.apache.velocity.runtime.directive.Include
2020-06-09 12:12:24,328 - Loaded System Directive: org.apache.velocity.runtime.directive.Foreach
2020-06-09 12:12:24,328 - Loaded System Directive: org.apache.velocity.runtime.directive.Foreach
2020-06-09 12:12:24,329 - Created '20' parsers.
2020-06-09 12:12:24,329 - Created '20' parsers.
2020-06-09 12:12:24,329 - Velocimacro : "velocimacro.library" is not set.  Trying default library: VM_global_library.vm
2020-06-09 12:12:24,329 - Velocimacro : "velocimacro.library" is not set.  Trying default library: VM_global_library.vm
2020-06-09 12:12:24,330 - Could not load resource 'VM_global_library.vm' from ResourceLoader org.apache.velocity.runtime.resource.loader.ClasspathResourceLoader: ClasspathResourceLoader Error: cannot find resource VM_global_library.vm
2020-06-09 12:12:24,330 - Could not load resource 'VM_global_library.vm' from ResourceLoader org.apache.velocity.runtime.resource.loader.ClasspathResourceLoader: ClasspathResourceLoader Error: cannot find resource VM_global_library.vm
2020-06-09 12:12:24,330 - Velocimacro : Default library not found.
2020-06-09 12:12:24,330 - Velocimacro : Default library not found.
2020-06-09 12:12:24,330 - Velocimacro : allowInline = true : VMs can be defined inline in templates
2020-06-09 12:12:24,330 - Velocimacro : allowInline = true : VMs can be defined inline in templates
2020-06-09 12:12:24,330 - Velocimacro : allowInlineToOverride = false : VMs defined inline may NOT replace previous VM definitions
2020-06-09 12:12:24,330 - Velocimacro : allowInlineToOverride = false : VMs defined inline may NOT replace previous VM definitions
2020-06-09 12:12:24,330 - Velocimacro : allowInlineLocal = false : VMs defined inline will be global in scope if allowed.
2020-06-09 12:12:24,330 - Velocimacro : allowInlineLocal = false : VMs defined inline will be global in scope if allowed.
2020-06-09 12:12:24,330 - Velocimacro : autoload off : VM system will not automatically reload global library macros
2020-06-09 12:12:24,330 - Velocimacro : autoload off : VM system will not automatically reload global library macros
2020-06-09 12:12:24,331 - ResourceManager : found velocity/Configuracion/Configuracion.vm with loader org.apache.velocity.runtime.resource.loader.ClasspathResourceLoader
2020-06-09 12:12:24,331 - ResourceManager : found velocity/Configuracion/Configuracion.vm with loader org.apache.velocity.runtime.resource.loader.ClasspathResourceLoader
2020-06-09 12:12:24,332 - Velocimacro : added VM mainLayout: source=/velocity/navbar.vm
2020-06-09 12:12:24,332 - Velocimacro : added VM mainLayout: source=/velocity/navbar.vm
2020-06-09 12:12:24,332 - ResourceManager : found /velocity/navbar.vm with loader org.apache.velocity.runtime.resource.loader.ClasspathResourceLoader
2020-06-09 12:12:24,332 - ResourceManager : found /velocity/navbar.vm with loader org.apache.velocity.runtime.resource.loader.ClasspathResourceLoader
